2026-01-02 10:26:24,840 - INFO - MESSAGE RECEIVED - From: aitripz (675538293525315604)
2026-01-02 10:26:24,841 - INFO - MESSAGE RECEIVED - Channel: Direct Message with Unknown User
2026-01-02 10:26:24,841 - INFO - MESSAGE RECEIVED - Raw: Make him a monster
2026-01-02 10:26:24,841 - INFO - MESSAGE RECEIVED - Cleaned: Make him a monster
2026-01-02 10:26:24,841 - INFO - IMAGE ATTACHMENT - Found: image.png
2026-01-02 10:26:25,021 - INFO - IMAGE ATTACHMENT - Converted to base64: 18736 chars
2026-01-02 10:26:25,021 - INFO - IMAGE ATTACHMENT - Modified message to include context
2026-01-02 10:26:25,920 - INFO - CONTEXT - Retrieved 5 messages
2026-01-02 10:26:25,920 - INFO - API REQUEST - Including image_feedback: 18736 chars
2026-01-02 10:26:25,920 - INFO - ============================================================
2026-01-02 10:26:25,921 - INFO - API REQUEST - Endpoint: http://192.168.1.251:8765/chat
2026-01-02 10:26:25,921 - INFO - API REQUEST - Payload keys: ['message', 'history', 'image_settings', 'image_feedback']
2026-01-02 10:26:46,038 - INFO - API RESPONSE - Status: 200
2026-01-02 10:26:46,038 - INFO - API RESPONSE - Headers: {'Date': 'Fri, 02 Jan 2026 10:26:25 GMT', 'Server': 'uvicorn', 'Content-Length': '17949', 'Content-Type': 'application/json'}
2026-01-02 10:26:46,038 - INFO - API RESPONSE - Body: {
  "text": "<@675538293525315604> Image processing complete! Here's the refined version:",
  "vram": {
    "used": 10805,
    "total": 12288
  },
  "image": "<base64 image data: 17682 chars>",
  "prompt": "an imposing and terrifying monster, detailed and lifelike",
  "negative": "nothing, the image should only contain the monster"
}
2026-01-02 10:26:46,039 - INFO - ============================================================
2026-01-02 10:26:46,039 - INFO - RESPONSE PROCESSING - API response keys: ['text', 'vram', 'image', 'prompt', 'negative']
2026-01-02 10:26:46,039 - INFO - AI TEXT - Before action extraction: <@675538293525315604> Image processing complete! Here's the refined version:
2026-01-02 10:26:46,039 - INFO - AI TEXT - After action extraction: <@675538293525315604> Image processing complete! Here's the refined version:
2026-01-02 10:26:46,285 - INFO - LOADING - Deleted loading message
2026-01-02 10:26:46,285 - INFO - IMAGE - Detected in response, processing...
2026-01-02 10:26:46,285 - INFO - IMAGE - Removed data URI prefix
2026-01-02 10:26:46,285 - INFO - IMAGE - Base64 length after cleanup: 17660
2026-01-02 10:26:46,285 - INFO - IMAGE - Decoded 13244 bytes
2026-01-02 10:26:46,285 - INFO - IMAGE - Saved to bot_imgs/675538293525315604_20260102_102646.png
2026-01-02 10:26:46,286 - INFO - IMAGE - Created Discord File object
2026-01-02 10:26:46,286 - INFO - SENDING - Text: True, Image: True
2026-01-02 10:26:46,962 - INFO - SENDING - Message sent successfully
