2026-01-02 20:54:46,463 - INFO - MESSAGE RECEIVED - From: aitripz (675538293525315604)
2026-01-02 20:54:46,463 - INFO - MESSAGE RECEIVED - Channel: Direct Message with Unknown User
2026-01-02 20:54:46,463 - INFO - MESSAGE RECEIVED - Raw: Give me a quote from Alan Watts
2026-01-02 20:54:46,463 - INFO - MESSAGE RECEIVED - Cleaned: Give me a quote from Alan Watts
2026-01-02 20:54:46,923 - INFO - CONTEXT - Retrieved 5 messages
2026-01-02 20:54:46,923 - INFO - ============================================================
2026-01-02 20:54:46,923 - INFO - API REQUEST - Endpoint: http://192.168.1.251:8765/chat
2026-01-02 20:54:46,924 - INFO - API REQUEST - Payload keys: ['message', 'history', 'image_settings']
2026-01-02 20:54:47,953 - INFO - API RESPONSE - Status: 200
2026-01-02 20:54:47,953 - INFO - API RESPONSE - Headers: {'Date': 'Fri, 02 Jan 2026 20:54:46 GMT', 'Server': 'uvicorn', 'Content-Length': '139', 'Content-Type': 'application/json'}
2026-01-02 20:54:47,953 - INFO - API RESPONSE - Body: {
  "text": "<@675538293525315604> \"The only way to do great work is to love what you do.\" - Alan Watts",
  "vram": {
    "used": 10805,
    "total": 12288
  }
}
2026-01-02 20:54:47,954 - INFO - ============================================================
2026-01-02 20:54:47,954 - INFO - RESPONSE PROCESSING - API response keys: ['text', 'vram']
2026-01-02 20:54:47,954 - INFO - AI TEXT - Before action extraction: <@675538293525315604> "The only way to do great work is to love what you do." - Alan Watts
2026-01-02 20:54:47,954 - INFO - AI TEXT - After action extraction: <@675538293525315604> "The only way to do great work is to love what you do." - Alan Watts
2026-01-02 20:54:48,095 - INFO - LOADING - Deleted loading message
2026-01-02 20:54:48,095 - INFO - SENDING - Text: True, Image: False
2026-01-02 20:54:48,338 - INFO - SENDING - Message sent successfully
