2026-01-02 20:36:44,255 - INFO - MESSAGE RECEIVED - From: aitripz (675538293525315604)
2026-01-02 20:36:44,255 - INFO - MESSAGE RECEIVED - Channel: botplayground
2026-01-02 20:36:44,255 - INFO - MESSAGE RECEIVED - Raw: Vex, what does that say in English
2026-01-02 20:36:44,255 - INFO - MESSAGE RECEIVED - Cleaned: , what does that say in English
2026-01-02 20:36:44,884 - INFO - CONTEXT - Retrieved 5 messages
2026-01-02 20:36:44,884 - INFO - ============================================================
2026-01-02 20:36:44,884 - INFO - API REQUEST - Endpoint: http://192.168.1.251:8765/chat
2026-01-02 20:36:44,884 - INFO - API REQUEST - Payload keys: ['message', 'history', 'image_settings']
2026-01-02 20:36:46,452 - INFO - API RESPONSE - Status: 200
2026-01-02 20:36:46,452 - INFO - API RESPONSE - Headers: {'Date': 'Fri, 02 Jan 2026 20:36:43 GMT', 'Server': 'uvicorn', 'Content-Length': '320', 'Content-Type': 'application/json'}
2026-01-02 20:36:46,452 - INFO - API RESPONSE - Body: {
  "text": "<@675538293525315604> I am an AI assistant designed to help users with various tasks, such as executing system commands, searching the internet for information, generating images, and managing Discord commands. My goal is to be helpful and provide the information you need.",
  "vram": {
    "used": 10805,
    "total": 12288
  }
}
2026-01-02 20:36:46,452 - INFO - ============================================================
2026-01-02 20:36:46,453 - INFO - RESPONSE PROCESSING - API response keys: ['text', 'vram']
2026-01-02 20:36:46,453 - INFO - AI TEXT - Before action extraction: <@675538293525315604> I am an AI assistant designed to help users with various tasks, such as executing system commands, searching the internet for information, generating images, and managing Discord commands. My goal is to be helpful and provide the information you need.
2026-01-02 20:36:46,453 - INFO - AI TEXT - After action extraction: <@675538293525315604> I am an AI assistant designed to help users with various tasks, such as executing system commands, searching the internet for information, generating images, and managing Discord commands. My goal is to be helpful and provide the information you need.
2026-01-02 20:36:46,558 - INFO - LOADING - Deleted loading message
2026-01-02 20:36:46,558 - INFO - SENDING - Text: True, Image: False
2026-01-02 20:36:46,708 - INFO - SENDING - Message sent successfully
