2026-01-02 10:23:16,926 - INFO - MESSAGE RECEIVED - From: aitripz (675538293525315604)
2026-01-02 10:23:16,926 - INFO - MESSAGE RECEIVED - Channel: Direct Message with Unknown User
2026-01-02 10:23:16,926 - INFO - MESSAGE RECEIVED - Raw: hi
2026-01-02 10:23:16,926 - INFO - MESSAGE RECEIVED - Cleaned: hi
2026-01-02 10:23:17,442 - INFO - CONTEXT - Retrieved 5 messages
2026-01-02 10:23:17,443 - INFO - ============================================================
2026-01-02 10:23:17,443 - INFO - API REQUEST - Endpoint: http://192.168.1.251:8765/chat
2026-01-02 10:23:17,443 - INFO - API REQUEST - Payload keys: ['message', 'history']
2026-01-02 10:23:17,951 - INFO - API RESPONSE - Status: 200
2026-01-02 10:23:17,952 - INFO - API RESPONSE - Headers: {'Date': 'Fri, 02 Jan 2026 10:23:16 GMT', 'Server': 'uvicorn', 'Content-Length': '80', 'Content-Type': 'application/json'}
2026-01-02 10:23:17,952 - INFO - API RESPONSE - Body: {
  "text": "Hello! How can I assist you today?",
  "vram": {
    "used": 7413,
    "total": 12288
  }
}
2026-01-02 10:23:17,952 - INFO - ============================================================
2026-01-02 10:23:17,953 - INFO - RESPONSE PROCESSING - API response keys: ['text', 'vram']
2026-01-02 10:23:17,953 - INFO - AI TEXT - Before action extraction: Hello! How can I assist you today?
2026-01-02 10:23:17,953 - INFO - AI TEXT - After action extraction: Hello! How can I assist you today?
2026-01-02 10:23:18,224 - INFO - LOADING - Deleted loading message
2026-01-02 10:23:18,224 - INFO - SENDING - Text: True, Image: False
2026-01-02 10:23:18,409 - INFO - SENDING - Message sent successfully
