2026-01-02 20:55:56,952 - INFO - MESSAGE RECEIVED - From: aitripz (675538293525315604)
2026-01-02 20:55:56,953 - INFO - MESSAGE RECEIVED - Channel: Direct Message with Unknown User
2026-01-02 20:55:56,953 - INFO - MESSAGE RECEIVED - Raw: No, a funny lyric
2026-01-02 20:55:56,953 - INFO - MESSAGE RECEIVED - Cleaned: No, a funny lyric
2026-01-02 20:55:57,645 - INFO - CONTEXT - Retrieved 5 messages
2026-01-02 20:55:57,646 - INFO - ============================================================
2026-01-02 20:55:57,646 - INFO - API REQUEST - Endpoint: http://192.168.1.251:8765/chat
2026-01-02 20:55:57,646 - INFO - API REQUEST - Payload keys: ['message', 'history', 'image_settings']
2026-01-02 20:55:58,946 - INFO - API RESPONSE - Status: 200
2026-01-02 20:55:58,946 - INFO - API RESPONSE - Headers: {'Date': 'Fri, 02 Jan 2026 20:55:56 GMT', 'Server': 'uvicorn', 'Content-Length': '188', 'Content-Type': 'application/json'}
2026-01-02 20:55:58,946 - INFO - API RESPONSE - Body: {
  "text": "<@675538293525315604> \"I'm feeling so good, I could do a happy dance, I'm feeling so good, I could do a happy dance.\" - The Bloodhound Gang",
  "vram": {
    "used": 10805,
    "total": 12288
  }
}
2026-01-02 20:55:58,946 - INFO - ============================================================
2026-01-02 20:55:58,947 - INFO - RESPONSE PROCESSING - API response keys: ['text', 'vram']
2026-01-02 20:55:58,947 - INFO - AI TEXT - Before action extraction: <@675538293525315604> "I'm feeling so good, I could do a happy dance, I'm feeling so good, I could do a happy dance." - The Bloodhound Gang
2026-01-02 20:55:58,947 - INFO - AI TEXT - After action extraction: <@675538293525315604> "I'm feeling so good, I could do a happy dance, I'm feeling so good, I could do a happy dance." - The Bloodhound Gang
2026-01-02 20:55:59,062 - INFO - LOADING - Deleted loading message
2026-01-02 20:55:59,062 - INFO - SENDING - Text: True, Image: False
2026-01-02 20:55:59,242 - INFO - SENDING - Message sent successfully
