2026-01-02 20:55:19,784 - INFO - MESSAGE RECEIVED - From: aitripz (675538293525315604)
2026-01-02 20:55:19,784 - INFO - MESSAGE RECEIVED - Channel: Direct Message with Unknown User
2026-01-02 20:55:19,784 - INFO - MESSAGE RECEIVED - Raw: Now give me a lyric from the bloodhound gang
2026-01-02 20:55:19,784 - INFO - MESSAGE RECEIVED - Cleaned: Now give me a lyric from the bloodhound gang
2026-01-02 20:55:20,260 - INFO - CONTEXT - Retrieved 5 messages
2026-01-02 20:55:20,260 - INFO - ============================================================
2026-01-02 20:55:20,261 - INFO - API REQUEST - Endpoint: http://192.168.1.251:8765/chat
2026-01-02 20:55:20,261 - INFO - API REQUEST - Payload keys: ['message', 'history', 'image_settings']
2026-01-02 20:55:21,514 - INFO - API RESPONSE - Status: 200
2026-01-02 20:55:21,514 - INFO - API RESPONSE - Headers: {'Date': 'Fri, 02 Jan 2026 20:55:19 GMT', 'Server': 'uvicorn', 'Content-Length': '170', 'Content-Type': 'application/json'}
2026-01-02 20:55:21,515 - INFO - API RESPONSE - Body: {
  "text": "<@675538293525315604> \"I'm gonna be a rockstar, let me take a shot at it, I'm gonna be a rockstar.\" - The Bloodhound Gang",
  "vram": {
    "used": 10805,
    "total": 12288
  }
}
2026-01-02 20:55:21,515 - INFO - ============================================================
2026-01-02 20:55:21,515 - INFO - RESPONSE PROCESSING - API response keys: ['text', 'vram']
2026-01-02 20:55:21,515 - INFO - AI TEXT - Before action extraction: <@675538293525315604> "I'm gonna be a rockstar, let me take a shot at it, I'm gonna be a rockstar." - The Bloodhound Gang
2026-01-02 20:55:21,515 - INFO - AI TEXT - After action extraction: <@675538293525315604> "I'm gonna be a rockstar, let me take a shot at it, I'm gonna be a rockstar." - The Bloodhound Gang
2026-01-02 20:55:21,719 - INFO - LOADING - Deleted loading message
2026-01-02 20:55:21,719 - INFO - SENDING - Text: True, Image: False
2026-01-02 20:55:22,090 - INFO - SENDING - Message sent successfully
