2026-01-02 20:44:09,606 - INFO - MESSAGE RECEIVED - From: aitripz (675538293525315604)
2026-01-02 20:44:09,606 - INFO - MESSAGE RECEIVED - Channel: Direct Message with Unknown User
2026-01-02 20:44:09,606 - INFO - MESSAGE RECEIVED - Raw: How are you?
2026-01-02 20:44:09,606 - INFO - MESSAGE RECEIVED - Cleaned: How are you?
2026-01-02 20:44:10,215 - INFO - CONTEXT - Retrieved 5 messages
2026-01-02 20:44:10,215 - INFO - ============================================================
2026-01-02 20:44:10,215 - INFO - API REQUEST - Endpoint: http://192.168.1.251:8765/chat
2026-01-02 20:44:10,215 - INFO - API REQUEST - Payload keys: ['message', 'history', 'image_settings']
2026-01-02 20:44:10,867 - INFO - API RESPONSE - Status: 200
2026-01-02 20:44:10,867 - INFO - API RESPONSE - Headers: {'Date': 'Fri, 02 Jan 2026 20:44:09 GMT', 'Server': 'uvicorn', 'Content-Length': '93', 'Content-Type': 'application/json'}
2026-01-02 20:44:10,868 - INFO - API RESPONSE - Body: {
  "text": "I'm doing well, thank you! How about yourself?",
  "vram": {
    "used": 10805,
    "total": 12288
  }
}
2026-01-02 20:44:10,868 - INFO - ============================================================
2026-01-02 20:44:10,868 - INFO - RESPONSE PROCESSING - API response keys: ['text', 'vram']
2026-01-02 20:44:10,868 - INFO - AI TEXT - Before action extraction: I'm doing well, thank you! How about yourself?
2026-01-02 20:44:10,869 - INFO - AI TEXT - After action extraction: I'm doing well, thank you! How about yourself?
2026-01-02 20:44:11,075 - INFO - LOADING - Deleted loading message
2026-01-02 20:44:11,076 - INFO - SENDING - Text: True, Image: False
2026-01-02 20:44:11,424 - INFO - SENDING - Message sent successfully
