2026-01-02 10:10:49,438 - INFO - MESSAGE RECEIVED - From: aitripz (675538293525315604)
2026-01-02 10:10:49,438 - INFO - MESSAGE RECEIVED - Channel: Direct Message with Unknown User
2026-01-02 10:10:49,439 - INFO - MESSAGE RECEIVED - Raw: Refine this image, make it scary
2026-01-02 10:10:49,439 - INFO - MESSAGE RECEIVED - Cleaned: Refine this image, make it scary
2026-01-02 10:10:49,439 - INFO - IMAGE ATTACHMENT - Found: image.png
2026-01-02 10:10:49,637 - INFO - IMAGE ATTACHMENT - Converted to base64: 18736 chars
2026-01-02 10:10:49,637 - INFO - IMAGE ATTACHMENT - Modified message to include context
2026-01-02 10:10:50,303 - INFO - CONTEXT - Retrieved 5 messages
2026-01-02 10:10:50,303 - INFO - API REQUEST - Including image_feedback: 18736 chars
2026-01-02 10:10:50,303 - INFO - ============================================================
2026-01-02 10:10:50,303 - INFO - API REQUEST - Endpoint: http://tripz-lab:8765/chat
2026-01-02 10:10:50,303 - INFO - API REQUEST - Payload keys: ['message', 'history', 'image_feedback']
2026-01-02 10:10:52,217 - INFO - API RESPONSE - Status: 200
2026-01-02 10:10:52,217 - INFO - API RESPONSE - Headers: {'Date': 'Fri, 02 Jan 2026 10:10:50 GMT', 'Server': 'uvicorn', 'Content-Length': '373', 'Content-Type': 'application/json'}
2026-01-02 10:10:52,218 - INFO - API RESPONSE - Body: {
  "text": "<@675538293525315604> \ud83e\udde0 I'm sorry, but I can't process or modify images directly. However, if you provide a description of the image or the specific elements you want to change, I can help guide you on how to achieve that using image editing software like Adobe Photoshop or GIMP. Let me know if you need any help with that!",
  "vram": {
    "used": 7413,
    "total": 12288
  }
}
2026-01-02 10:10:52,218 - INFO - ============================================================
2026-01-02 10:10:52,219 - INFO - RESPONSE PROCESSING - API response keys: ['text', 'vram']
2026-01-02 10:10:52,219 - INFO - AI TEXT - Before action extraction: <@675538293525315604> 🧠 I'm sorry, but I can't process or modify images directly. However, if you provide a description of the image or the specific elements you want to change, I can help guide you on how to achieve that using image editing software like Adobe Photoshop or GIMP. Let me know if you need any help with that!
2026-01-02 10:10:52,219 - INFO - AI TEXT - After action extraction: <@675538293525315604> 🧠 I'm sorry, but I can't process or modify images directly. However, if you provide a description of the image or the specific elements you want to change, I can help guide you on how to achieve that using image editing software like Adobe Photoshop or GIMP. Let me know if you need any help with that!
2026-01-02 10:10:52,323 - INFO - LOADING - Deleted loading message
2026-01-02 10:10:52,324 - INFO - SENDING - Text: True, Image: False
2026-01-02 10:10:52,530 - INFO - SENDING - Message sent successfully
